<?xml version="1.0" encoding="UTF-8"?>
<!-- Generated by org.testng.reporters.JUnitXMLReporter -->
<testsuite ignored="2" hostname="VIGNESH" failures="0" tests="4" name="Default test" time="21.84" errors="0" timestamp="2023-06-06T00:30:45 IST">
  <testcase classname="TestCase.Login_Test" name="verifyLoginWithValidCredential" time="0.608"/>
  <testcase classname="TestCase.Login_Test" name="verifyLoginWithValidCredential" time="0.595"/>
  <testcase classname="TestCase.Login_Test" name="verifyLoginWithValidCredential" time="0.509"/>
  <testcase classname="TestCase.Login_Test" name="verifyLoginWithValidCredential" time="0.673"/>
  <testcase classname="TestCase.Login_Test" name="verifyLoginWithInvalidCredential" time="0.0">
    <ignored/>
  </testcase> <!-- verifyLoginWithInvalidCredential -->
  <testcase classname="TestCase.Login_Test" name="verifyLoginWithoutCredential" time="0.0">
    <ignored/>
  </testcase> <!-- verifyLoginWithoutCredential -->
</testsuite> <!-- Default test -->
